unit {
  module conditionals
  filename "conditionals.comp.in"
}

decls {
  /* conditionals.comp.in:3-26 */conditionals: () -> ()
  /* conditionals.comp.in:40-70 */conditionalsPolymorphic: () -> bool
  /* conditionals.comp.in:36-38 */fconst: forall ['a] forall ['b] ('a, 'b) -> 'a
  /* conditionals.comp.in:28-30 */ftrue: () -> bool
  /* conditionals.comp.in:32-34 */id: forall ['a] 'a -> 'a
}

/* conditionals.comp.in:3-26 */fn conditionals() -> () {
  true:bool
  false:bool
  (if true:bool {
    true:bool
  }:bool):bool
  (if (!:(bool -> bool) true:bool):bool {
    false:bool
  }:bool):bool
  (if ((==:(forall ['a] ('a, 'a) -> bool) [bool]):((bool, bool) -> bool) (true:bool, false:bool):(bool, bool)):bool {
    false:bool
  }:bool):bool
  (if ((==:(forall ['a] ('a, 'a) -> bool) [bool]):((bool, bool) -> bool) (true:bool, false:bool):(bool, bool)):bool {
    false:bool
  }:bool else {
    true:bool
  }:bool):bool
  ():()
}:()

/* conditionals.comp.in:28-30 */fn ftrue() -> bool {
  true:bool
}:bool

/* conditionals.comp.in:32-34 */fn id['a ∗](x: 'a) -> 'a {
  x:'a
}:'a

/* conditionals.comp.in:36-38 */fn fconst['a ∗, 'b ∗](x: 'a, y: 'b) -> 'a {
  x:'a
}:'a

/* conditionals.comp.in:40-70 */fn conditionalsPolymorphic() -> bool {
  (if ((id:(forall ['a] 'a -> 'a) [bool]):(bool -> bool) true:bool):bool {
    ((id:(forall ['a] 'a -> 'a) [bool]):(bool -> bool) true:bool):bool
  }:bool else {
    ((id:(forall ['a] 'a -> 'a) [bool]):(bool -> bool) false:bool):bool
  }:bool):bool
  (if ((id:(forall ['a] 'a -> 'a) [bool]):(bool -> bool) true:bool):bool {
    ((id:(forall ['a] 'a -> 'a) [bool]):(bool -> bool) true:bool):bool
  }:bool else {
    ((id:(forall ['a] 'a -> 'a) [bool]):(bool -> bool) false:bool):bool
  }:bool):bool
  (if (((fconst:(forall ['a] forall ['b] ('a, 'b) -> 'a) [bool]):(forall ['a] (bool, 'a) -> bool) [()]):((bool, ()) -> bool) (true:bool, ():()):(bool, ())):bool {
    true:bool
  }:bool else {
    false:bool
  }:bool):bool
  (if (((fconst:(forall ['a] forall ['b] ('a, 'b) -> 'a) [bool]):(forall ['a] (bool, 'a) -> bool) [()]):((bool, ()) -> bool) (true:bool, ():()):(bool, ())):bool {
    true:bool
  }:bool else {
    false:bool
  }:bool):bool
  (if ((==:(forall ['a] ('a, 'a) -> bool) [bool]):((bool, bool) -> bool) (((id:(forall ['a] 'a -> 'a) [bool]):(bool -> bool) true:bool):bool, ((id:(forall ['a] 'a -> 'a) [bool]):(bool -> bool) false:bool):bool):(bool, bool)):bool {
    ((==:(forall ['a] ('a, 'a) -> bool) [bool]):((bool, bool) -> bool) (((id:(forall ['a] 'a -> 'a) [bool]):(bool -> bool) true:bool):bool, ((id:(forall ['a] 'a -> 'a) [bool]):(bool -> bool) false:bool):bool):(bool, bool)):bool
  }:bool else {
    ((==:(forall ['a] ('a, 'a) -> bool) [bool]):((bool, bool) -> bool) (((id:(forall ['a] 'a -> 'a) [bool]):(bool -> bool) false:bool):bool, ((id:(forall ['a] 'a -> 'a) [bool]):(bool -> bool) true:bool):bool):(bool, bool)):bool
  }:bool):bool
}:bool
