unit {
  module order
  filename "order.comp.in"
  base
}

decls {
  /* order.comp.in:13 */type A
  /* order.comp.in:9 */type B
  /* order.comp.in:7 */type C
  /* order.comp.in:15 */type a
  /* order.comp.in:17 */type b
  /* order.comp.in:19 */type c
  /* order.comp.in:17 */type b = struct{a a}
  /* order.comp.in:19 */type c = struct{b b}
  /* order.comp.in:9 */type B = struct{a A}
  /* order.comp.in:7 */type C = struct{b B}
  /* order.comp.in:11 */mkA: () -> A
  /* order.comp.in:3-5 */mkC: () -> C
  /* order.comp.in:21 */mka: () -> a
}

/* order.comp.in:3-5 */fn mkC() -> C {
  {b = {a = (mkA:(() -> A) ():()):A}:struct{a A}}:struct{b struct{a A}}
}:struct{b struct{a A}}
